<?xml version="1.0" encoding="UTF-8"?>
<!-- Generated by org.testng.reporters.JUnitXMLReporter -->
<testsuite ignored="0" hostname="DESKTOP-NJVK0I1" failures="0" tests="7" name="Default test" time="17.637" errors="0" timestamp="05 Jun 2020 22:15:21 GMT">
  <testcase classname="test.BNSExcelDataTest" name="BNSTest" time="1.606"/>
  <testcase classname="test.BNSExcelDataTest" name="BNSTest" time="1.491"/>
  <testcase classname="test.BNSExcelDataTest" name="BNSTest" time="1.337"/>
  <testcase classname="test.BNSExcelDataTest" name="BNSTest" time="1.379"/>
  <testcase classname="test.BNSExcelDataTest" name="BNSTest" time="1.389"/>
  <testcase classname="test.BNSExcelDataTest" name="BNSTest" time="1.378"/>
  <testcase classname="test.BNSExcelDataTest" name="BNSTest" time="1.191"/>
</testsuite> <!-- Default test -->
